[2021-04-29 11:50:02,070] {taskinstance.py:877} INFO - Dependencies all met for <TaskInstance: tutorial.templated 2021-04-27T00:00:00+00:00 [queued]>
[2021-04-29 11:50:02,075] {taskinstance.py:877} INFO - Dependencies all met for <TaskInstance: tutorial.templated 2021-04-27T00:00:00+00:00 [queued]>
[2021-04-29 11:50:02,075] {taskinstance.py:1068} INFO - 
--------------------------------------------------------------------------------
[2021-04-29 11:50:02,075] {taskinstance.py:1069} INFO - Starting attempt 1 of 2
[2021-04-29 11:50:02,075] {taskinstance.py:1070} INFO - 
--------------------------------------------------------------------------------
[2021-04-29 11:50:02,082] {taskinstance.py:1089} INFO - Executing <Task(BashOperator): templated> on 2021-04-27T00:00:00+00:00
[2021-04-29 11:50:02,083] {standard_task_runner.py:52} INFO - Started process 98885 to run task
[2021-04-29 11:50:02,089] {standard_task_runner.py:76} INFO - Running: ['airflow', 'tasks', 'run', 'tutorial', 'templated', '2021-04-27T00:00:00+00:00', '--job-id', '6', '--pool', 'default_pool', '--raw', '--subdir', '/Users/keshavsultania/Documents/airflow-tutorial/demo1/myenv/lib/python3.8/site-packages/airflow/example_dags/tutorial.py', '--cfg-path', '/var/folders/jz/p2j8d5xx3lq5qbv4lwz8kg100000gn/T/tmpr4dxjojh', '--error-file', '/var/folders/jz/p2j8d5xx3lq5qbv4lwz8kg100000gn/T/tmpshif5v5h']
[2021-04-29 11:50:02,091] {standard_task_runner.py:77} INFO - Job 6: Subtask templated
[2021-04-29 11:50:07,115] {logging_mixin.py:104} INFO - Running <TaskInstance: tutorial.templated 2021-04-27T00:00:00+00:00 [running]> on host Keshavs-MacBook-Pro.local
[2021-04-29 11:50:12,158] {taskinstance.py:1281} INFO - Exporting the following env vars:
AIRFLOW_CTX_DAG_EMAIL=airflow@example.com
AIRFLOW_CTX_DAG_OWNER=airflow
AIRFLOW_CTX_DAG_ID=tutorial
AIRFLOW_CTX_TASK_ID=templated
AIRFLOW_CTX_EXECUTION_DATE=2021-04-27T00:00:00+00:00
AIRFLOW_CTX_DAG_RUN_ID=scheduled__2021-04-27T00:00:00+00:00
[2021-04-29 11:50:12,159] {bash.py:135} INFO - Tmp dir root location: 
 /var/folders/jz/p2j8d5xx3lq5qbv4lwz8kg100000gn/T
[2021-04-29 11:50:12,160] {bash.py:158} INFO - Running command: 

    echo "2021-04-27"
    echo "2021-05-04"
    echo "Parameter I passed in"

    echo "2021-04-27"
    echo "2021-05-04"
    echo "Parameter I passed in"

    echo "2021-04-27"
    echo "2021-05-04"
    echo "Parameter I passed in"

    echo "2021-04-27"
    echo "2021-05-04"
    echo "Parameter I passed in"

    echo "2021-04-27"
    echo "2021-05-04"
    echo "Parameter I passed in"

[2021-04-29 11:50:12,167] {bash.py:169} INFO - Output:
[2021-04-29 11:50:12,169] {bash.py:173} INFO - 2021-04-27
[2021-04-29 11:50:12,169] {bash.py:173} INFO - 2021-05-04
[2021-04-29 11:50:12,170] {bash.py:173} INFO - Parameter I passed in
[2021-04-29 11:50:12,170] {bash.py:173} INFO - 2021-04-27
[2021-04-29 11:50:12,170] {bash.py:173} INFO - 2021-05-04
[2021-04-29 11:50:12,170] {bash.py:173} INFO - Parameter I passed in
[2021-04-29 11:50:12,171] {bash.py:173} INFO - 2021-04-27
[2021-04-29 11:50:12,171] {bash.py:173} INFO - 2021-05-04
[2021-04-29 11:50:12,171] {bash.py:173} INFO - Parameter I passed in
[2021-04-29 11:50:12,172] {bash.py:173} INFO - 2021-04-27
[2021-04-29 11:50:12,172] {bash.py:173} INFO - 2021-05-04
[2021-04-29 11:50:12,172] {bash.py:173} INFO - Parameter I passed in
[2021-04-29 11:50:12,173] {bash.py:173} INFO - 2021-04-27
[2021-04-29 11:50:12,173] {bash.py:173} INFO - 2021-05-04
[2021-04-29 11:50:12,174] {bash.py:173} INFO - Parameter I passed in
[2021-04-29 11:50:12,174] {bash.py:177} INFO - Command exited with return code 0
[2021-04-29 11:50:12,188] {taskinstance.py:1185} INFO - Marking task as SUCCESS. dag_id=tutorial, task_id=templated, execution_date=20210427T000000, start_date=20210429T062002, end_date=20210429T062012
[2021-04-29 11:50:12,200] {taskinstance.py:1246} INFO - 0 downstream tasks scheduled from follow-on schedule check
[2021-04-29 11:50:12,226] {local_task_job.py:146} INFO - Task exited with return code 0
