[2021-04-29 12:05:05,444] {taskinstance.py:877} INFO - Dependencies all met for <TaskInstance: example_branch_operator.branching 2021-04-27T00:00:00+00:00 [queued]>
[2021-04-29 12:05:05,450] {taskinstance.py:877} INFO - Dependencies all met for <TaskInstance: example_branch_operator.branching 2021-04-27T00:00:00+00:00 [queued]>
[2021-04-29 12:05:05,450] {taskinstance.py:1068} INFO - 
--------------------------------------------------------------------------------
[2021-04-29 12:05:05,450] {taskinstance.py:1069} INFO - Starting attempt 1 of 1
[2021-04-29 12:05:05,450] {taskinstance.py:1070} INFO - 
--------------------------------------------------------------------------------
[2021-04-29 12:05:05,455] {taskinstance.py:1089} INFO - Executing <Task(BranchPythonOperator): branching> on 2021-04-27T00:00:00+00:00
[2021-04-29 12:05:05,457] {standard_task_runner.py:52} INFO - Started process 2439 to run task
[2021-04-29 12:05:05,463] {standard_task_runner.py:76} INFO - Running: ['airflow', 'tasks', 'run', 'example_branch_operator', 'branching', '2021-04-27T00:00:00+00:00', '--job-id', '11', '--pool', 'default_pool', '--raw', '--subdir', '/Users/keshavsultania/Documents/airflow-tutorial/demo1/myenv/lib/python3.8/site-packages/airflow/example_dags/example_branch_operator.py', '--cfg-path', '/var/folders/jz/p2j8d5xx3lq5qbv4lwz8kg100000gn/T/tmpp852ugg1', '--error-file', '/var/folders/jz/p2j8d5xx3lq5qbv4lwz8kg100000gn/T/tmpwhexde6d']
[2021-04-29 12:05:05,465] {standard_task_runner.py:77} INFO - Job 11: Subtask branching
[2021-04-29 12:05:10,498] {logging_mixin.py:104} INFO - Running <TaskInstance: example_branch_operator.branching 2021-04-27T00:00:00+00:00 [running]> on host Keshavs-MacBook-Pro.local
[2021-04-29 12:05:15,524] {taskinstance.py:1281} INFO - Exporting the following env vars:
AIRFLOW_CTX_DAG_OWNER=airflow
AIRFLOW_CTX_DAG_ID=example_branch_operator
AIRFLOW_CTX_TASK_ID=branching
AIRFLOW_CTX_EXECUTION_DATE=2021-04-27T00:00:00+00:00
AIRFLOW_CTX_DAG_RUN_ID=scheduled__2021-04-27T00:00:00+00:00
[2021-04-29 12:05:15,525] {python.py:118} INFO - Done. Returned value was: branch_b
[2021-04-29 12:05:15,525] {skipmixin.py:124} INFO - Following branch branch_b
[2021-04-29 12:05:15,528] {skipmixin.py:155} INFO - Skipping tasks ['branch_c', 'branch_a', 'branch_d']
[2021-04-29 12:05:15,544] {taskinstance.py:1185} INFO - Marking task as SUCCESS. dag_id=example_branch_operator, task_id=branching, execution_date=20210427T000000, start_date=20210429T063505, end_date=20210429T063515
[2021-04-29 12:05:15,559] {taskinstance.py:1246} INFO - 1 downstream tasks scheduled from follow-on schedule check
[2021-04-29 12:05:15,604] {local_task_job.py:146} INFO - Task exited with return code 0
