[2021-04-29 12:40:09,363] {taskinstance.py:877} INFO - Dependencies all met for <TaskInstance: first_dag.second_task 2021-04-27T00:00:00+00:00 [queued]>
[2021-04-29 12:40:09,368] {taskinstance.py:877} INFO - Dependencies all met for <TaskInstance: first_dag.second_task 2021-04-27T00:00:00+00:00 [queued]>
[2021-04-29 12:40:09,368] {taskinstance.py:1068} INFO - 
--------------------------------------------------------------------------------
[2021-04-29 12:40:09,368] {taskinstance.py:1069} INFO - Starting attempt 1 of 2
[2021-04-29 12:40:09,368] {taskinstance.py:1070} INFO - 
--------------------------------------------------------------------------------
[2021-04-29 12:40:09,375] {taskinstance.py:1089} INFO - Executing <Task(BashOperator): second_task> on 2021-04-27T00:00:00+00:00
[2021-04-29 12:40:09,377] {standard_task_runner.py:52} INFO - Started process 10408 to run task
[2021-04-29 12:40:09,383] {standard_task_runner.py:76} INFO - Running: ['airflow', 'tasks', 'run', 'first_dag', 'second_task', '2021-04-27T00:00:00+00:00', '--job-id', '21', '--pool', 'default_pool', '--raw', '--subdir', 'DAGS_FOLDER/simple.py', '--cfg-path', '/var/folders/jz/p2j8d5xx3lq5qbv4lwz8kg100000gn/T/tmppzuk8nel', '--error-file', '/var/folders/jz/p2j8d5xx3lq5qbv4lwz8kg100000gn/T/tmp4h9pxcc8']
[2021-04-29 12:40:09,385] {standard_task_runner.py:77} INFO - Job 21: Subtask second_task
[2021-04-29 12:40:14,412] {logging_mixin.py:104} INFO - Running <TaskInstance: first_dag.second_task 2021-04-27T00:00:00+00:00 [running]> on host Keshavs-MacBook-Pro.local
[2021-04-29 12:40:19,437] {taskinstance.py:1281} INFO - Exporting the following env vars:
AIRFLOW_CTX_DAG_EMAIL=airflow@my_first_dag.com
AIRFLOW_CTX_DAG_OWNER=airflow
AIRFLOW_CTX_DAG_ID=first_dag
AIRFLOW_CTX_TASK_ID=second_task
AIRFLOW_CTX_EXECUTION_DATE=2021-04-27T00:00:00+00:00
AIRFLOW_CTX_DAG_RUN_ID=scheduled__2021-04-27T00:00:00+00:00
[2021-04-29 12:40:19,438] {bash.py:135} INFO - Tmp dir root location: 
 /var/folders/jz/p2j8d5xx3lq5qbv4lwz8kg100000gn/T
[2021-04-29 12:40:19,438] {bash.py:158} INFO - Running command: echo 2
[2021-04-29 12:40:19,443] {bash.py:169} INFO - Output:
[2021-04-29 12:40:19,446] {bash.py:173} INFO - 2
[2021-04-29 12:40:19,446] {bash.py:177} INFO - Command exited with return code 0
[2021-04-29 12:40:19,459] {taskinstance.py:1185} INFO - Marking task as SUCCESS. dag_id=first_dag, task_id=second_task, execution_date=20210427T000000, start_date=20210429T071009, end_date=20210429T071019
[2021-04-29 12:40:19,471] {taskinstance.py:1246} INFO - 0 downstream tasks scheduled from follow-on schedule check
[2021-04-29 12:40:19,507] {local_task_job.py:146} INFO - Task exited with return code 0
