[2021-04-29 11:52:08,849] {taskinstance.py:877} INFO - Dependencies all met for <TaskInstance: tutorial.templated 2021-04-29T06:17:55.360694+00:00 [queued]>
[2021-04-29 11:52:08,855] {taskinstance.py:877} INFO - Dependencies all met for <TaskInstance: tutorial.templated 2021-04-29T06:17:55.360694+00:00 [queued]>
[2021-04-29 11:52:08,855] {taskinstance.py:1068} INFO - 
--------------------------------------------------------------------------------
[2021-04-29 11:52:08,855] {taskinstance.py:1069} INFO - Starting attempt 1 of 2
[2021-04-29 11:52:08,855] {taskinstance.py:1070} INFO - 
--------------------------------------------------------------------------------
[2021-04-29 11:52:08,861] {taskinstance.py:1089} INFO - Executing <Task(BashOperator): templated> on 2021-04-29T06:17:55.360694+00:00
[2021-04-29 11:52:08,863] {standard_task_runner.py:52} INFO - Started process 99229 to run task
[2021-04-29 11:52:08,870] {standard_task_runner.py:76} INFO - Running: ['airflow', 'tasks', 'run', 'tutorial', 'templated', '2021-04-29T06:17:55.360694+00:00', '--job-id', '10', '--pool', 'default_pool', '--raw', '--subdir', '/Users/keshavsultania/Documents/airflow-tutorial/demo1/myenv/lib/python3.8/site-packages/airflow/example_dags/tutorial.py', '--cfg-path', '/var/folders/jz/p2j8d5xx3lq5qbv4lwz8kg100000gn/T/tmpxzhsh51b', '--error-file', '/var/folders/jz/p2j8d5xx3lq5qbv4lwz8kg100000gn/T/tmpyrymh1qu']
[2021-04-29 11:52:08,872] {standard_task_runner.py:77} INFO - Job 10: Subtask templated
[2021-04-29 11:52:13,901] {logging_mixin.py:104} INFO - Running <TaskInstance: tutorial.templated 2021-04-29T06:17:55.360694+00:00 [running]> on host Keshavs-MacBook-Pro.local
[2021-04-29 11:52:18,938] {taskinstance.py:1281} INFO - Exporting the following env vars:
AIRFLOW_CTX_DAG_EMAIL=airflow@example.com
AIRFLOW_CTX_DAG_OWNER=airflow
AIRFLOW_CTX_DAG_ID=tutorial
AIRFLOW_CTX_TASK_ID=templated
AIRFLOW_CTX_EXECUTION_DATE=2021-04-29T06:17:55.360694+00:00
AIRFLOW_CTX_DAG_RUN_ID=manual__2021-04-29T06:17:55.360694+00:00
[2021-04-29 11:52:18,938] {bash.py:135} INFO - Tmp dir root location: 
 /var/folders/jz/p2j8d5xx3lq5qbv4lwz8kg100000gn/T
[2021-04-29 11:52:18,939] {bash.py:158} INFO - Running command: 

    echo "2021-04-29"
    echo "2021-05-06"
    echo "Parameter I passed in"

    echo "2021-04-29"
    echo "2021-05-06"
    echo "Parameter I passed in"

    echo "2021-04-29"
    echo "2021-05-06"
    echo "Parameter I passed in"

    echo "2021-04-29"
    echo "2021-05-06"
    echo "Parameter I passed in"

    echo "2021-04-29"
    echo "2021-05-06"
    echo "Parameter I passed in"

[2021-04-29 11:52:18,945] {bash.py:169} INFO - Output:
[2021-04-29 11:52:18,947] {bash.py:173} INFO - 2021-04-29
[2021-04-29 11:52:18,947] {bash.py:173} INFO - 2021-05-06
[2021-04-29 11:52:18,948] {bash.py:173} INFO - Parameter I passed in
[2021-04-29 11:52:18,948] {bash.py:173} INFO - 2021-04-29
[2021-04-29 11:52:18,949] {bash.py:173} INFO - 2021-05-06
[2021-04-29 11:52:18,949] {bash.py:173} INFO - Parameter I passed in
[2021-04-29 11:52:18,949] {bash.py:173} INFO - 2021-04-29
[2021-04-29 11:52:18,949] {bash.py:173} INFO - 2021-05-06
[2021-04-29 11:52:18,950] {bash.py:173} INFO - Parameter I passed in
[2021-04-29 11:52:18,950] {bash.py:173} INFO - 2021-04-29
[2021-04-29 11:52:18,950] {bash.py:173} INFO - 2021-05-06
[2021-04-29 11:52:18,951] {bash.py:173} INFO - Parameter I passed in
[2021-04-29 11:52:18,951] {bash.py:173} INFO - 2021-04-29
[2021-04-29 11:52:18,951] {bash.py:173} INFO - 2021-05-06
[2021-04-29 11:52:18,951] {bash.py:173} INFO - Parameter I passed in
[2021-04-29 11:52:18,952] {bash.py:177} INFO - Command exited with return code 0
[2021-04-29 11:52:18,965] {taskinstance.py:1185} INFO - Marking task as SUCCESS. dag_id=tutorial, task_id=templated, execution_date=20210429T061755, start_date=20210429T062208, end_date=20210429T062218
[2021-04-29 11:52:18,977] {taskinstance.py:1246} INFO - 0 downstream tasks scheduled from follow-on schedule check
[2021-04-29 11:52:19,010] {local_task_job.py:146} INFO - Task exited with return code 0
