[2021-04-29 11:49:25,694] {taskinstance.py:877} INFO - Dependencies all met for <TaskInstance: tutorial.sleep 2021-04-27T00:00:00+00:00 [queued]>
[2021-04-29 11:49:25,699] {taskinstance.py:877} INFO - Dependencies all met for <TaskInstance: tutorial.sleep 2021-04-27T00:00:00+00:00 [queued]>
[2021-04-29 11:49:25,699] {taskinstance.py:1068} INFO - 
--------------------------------------------------------------------------------
[2021-04-29 11:49:25,699] {taskinstance.py:1069} INFO - Starting attempt 1 of 4
[2021-04-29 11:49:25,699] {taskinstance.py:1070} INFO - 
--------------------------------------------------------------------------------
[2021-04-29 11:49:25,705] {taskinstance.py:1089} INFO - Executing <Task(BashOperator): sleep> on 2021-04-27T00:00:00+00:00
[2021-04-29 11:49:25,706] {standard_task_runner.py:52} INFO - Started process 98786 to run task
[2021-04-29 11:49:25,713] {standard_task_runner.py:76} INFO - Running: ['airflow', 'tasks', 'run', 'tutorial', 'sleep', '2021-04-27T00:00:00+00:00', '--job-id', '5', '--pool', 'default_pool', '--raw', '--subdir', '/Users/keshavsultania/Documents/airflow-tutorial/demo1/myenv/lib/python3.8/site-packages/airflow/example_dags/tutorial.py', '--cfg-path', '/var/folders/jz/p2j8d5xx3lq5qbv4lwz8kg100000gn/T/tmp88cbyh5v', '--error-file', '/var/folders/jz/p2j8d5xx3lq5qbv4lwz8kg100000gn/T/tmpoeweerg2']
[2021-04-29 11:49:25,715] {standard_task_runner.py:77} INFO - Job 5: Subtask sleep
[2021-04-29 11:49:30,745] {logging_mixin.py:104} INFO - Running <TaskInstance: tutorial.sleep 2021-04-27T00:00:00+00:00 [running]> on host Keshavs-MacBook-Pro.local
[2021-04-29 11:49:35,768] {taskinstance.py:1281} INFO - Exporting the following env vars:
AIRFLOW_CTX_DAG_EMAIL=airflow@example.com
AIRFLOW_CTX_DAG_OWNER=airflow
AIRFLOW_CTX_DAG_ID=tutorial
AIRFLOW_CTX_TASK_ID=sleep
AIRFLOW_CTX_EXECUTION_DATE=2021-04-27T00:00:00+00:00
AIRFLOW_CTX_DAG_RUN_ID=scheduled__2021-04-27T00:00:00+00:00
[2021-04-29 11:49:35,770] {bash.py:135} INFO - Tmp dir root location: 
 /var/folders/jz/p2j8d5xx3lq5qbv4lwz8kg100000gn/T
[2021-04-29 11:49:35,771] {bash.py:158} INFO - Running command: sleep 5
[2021-04-29 11:49:35,778] {bash.py:169} INFO - Output:
[2021-04-29 11:49:40,786] {bash.py:177} INFO - Command exited with return code 0
[2021-04-29 11:49:40,800] {taskinstance.py:1185} INFO - Marking task as SUCCESS. dag_id=tutorial, task_id=sleep, execution_date=20210427T000000, start_date=20210429T061925, end_date=20210429T061940
[2021-04-29 11:49:40,812] {taskinstance.py:1246} INFO - 0 downstream tasks scheduled from follow-on schedule check
[2021-04-29 11:49:45,777] {local_task_job.py:146} INFO - Task exited with return code 0
