[2021-04-29 12:37:01,820] {taskinstance.py:877} INFO - Dependencies all met for <TaskInstance: first_dag.first_task 2021-04-25T00:00:00+00:00 [queued]>
[2021-04-29 12:37:01,825] {taskinstance.py:877} INFO - Dependencies all met for <TaskInstance: first_dag.first_task 2021-04-25T00:00:00+00:00 [queued]>
[2021-04-29 12:37:01,825] {taskinstance.py:1068} INFO - 
--------------------------------------------------------------------------------
[2021-04-29 12:37:01,825] {taskinstance.py:1069} INFO - Starting attempt 1 of 2
[2021-04-29 12:37:01,825] {taskinstance.py:1070} INFO - 
--------------------------------------------------------------------------------
[2021-04-29 12:37:01,831] {taskinstance.py:1089} INFO - Executing <Task(BashOperator): first_task> on 2021-04-25T00:00:00+00:00
[2021-04-29 12:37:01,833] {standard_task_runner.py:52} INFO - Started process 9893 to run task
[2021-04-29 12:37:01,840] {standard_task_runner.py:76} INFO - Running: ['airflow', 'tasks', 'run', 'first_dag', 'first_task', '2021-04-25T00:00:00+00:00', '--job-id', '14', '--pool', 'default_pool', '--raw', '--subdir', 'DAGS_FOLDER/simple.py', '--cfg-path', '/var/folders/jz/p2j8d5xx3lq5qbv4lwz8kg100000gn/T/tmpbqmxrp81', '--error-file', '/var/folders/jz/p2j8d5xx3lq5qbv4lwz8kg100000gn/T/tmpzttmcubj']
[2021-04-29 12:37:01,841] {standard_task_runner.py:77} INFO - Job 14: Subtask first_task
[2021-04-29 12:37:06,867] {logging_mixin.py:104} INFO - Running <TaskInstance: first_dag.first_task 2021-04-25T00:00:00+00:00 [running]> on host Keshavs-MacBook-Pro.local
[2021-04-29 12:37:11,891] {taskinstance.py:1281} INFO - Exporting the following env vars:
AIRFLOW_CTX_DAG_EMAIL=airflow@my_first_dag.com
AIRFLOW_CTX_DAG_OWNER=airflow
AIRFLOW_CTX_DAG_ID=first_dag
AIRFLOW_CTX_TASK_ID=first_task
AIRFLOW_CTX_EXECUTION_DATE=2021-04-25T00:00:00+00:00
AIRFLOW_CTX_DAG_RUN_ID=scheduled__2021-04-25T00:00:00+00:00
[2021-04-29 12:37:11,892] {bash.py:135} INFO - Tmp dir root location: 
 /var/folders/jz/p2j8d5xx3lq5qbv4lwz8kg100000gn/T
[2021-04-29 12:37:11,893] {bash.py:158} INFO - Running command: echo 1
[2021-04-29 12:37:11,898] {bash.py:169} INFO - Output:
[2021-04-29 12:37:11,901] {bash.py:173} INFO - 1
[2021-04-29 12:37:11,901] {bash.py:177} INFO - Command exited with return code 0
[2021-04-29 12:37:11,913] {taskinstance.py:1185} INFO - Marking task as SUCCESS. dag_id=first_dag, task_id=first_task, execution_date=20210425T000000, start_date=20210429T070701, end_date=20210429T070711
[2021-04-29 12:37:11,927] {taskinstance.py:1246} INFO - 1 downstream tasks scheduled from follow-on schedule check
[2021-04-29 12:37:11,965] {local_task_job.py:146} INFO - Task exited with return code 0
