[2021-04-29 11:48:05,228] {taskinstance.py:877} INFO - Dependencies all met for <TaskInstance: tutorial.print_date 2021-04-27T00:00:00+00:00 [queued]>
[2021-04-29 11:48:05,233] {taskinstance.py:877} INFO - Dependencies all met for <TaskInstance: tutorial.print_date 2021-04-27T00:00:00+00:00 [queued]>
[2021-04-29 11:48:05,233] {taskinstance.py:1068} INFO - 
--------------------------------------------------------------------------------
[2021-04-29 11:48:05,233] {taskinstance.py:1069} INFO - Starting attempt 1 of 2
[2021-04-29 11:48:05,233] {taskinstance.py:1070} INFO - 
--------------------------------------------------------------------------------
[2021-04-29 11:48:05,239] {taskinstance.py:1089} INFO - Executing <Task(BashOperator): print_date> on 2021-04-27T00:00:00+00:00
[2021-04-29 11:48:05,241] {standard_task_runner.py:52} INFO - Started process 98561 to run task
[2021-04-29 11:48:05,248] {standard_task_runner.py:76} INFO - Running: ['airflow', 'tasks', 'run', 'tutorial', 'print_date', '2021-04-27T00:00:00+00:00', '--job-id', '2', '--pool', 'default_pool', '--raw', '--subdir', '/Users/keshavsultania/Documents/airflow-tutorial/demo1/myenv/lib/python3.8/site-packages/airflow/example_dags/tutorial.py', '--cfg-path', '/var/folders/jz/p2j8d5xx3lq5qbv4lwz8kg100000gn/T/tmprwtt_3gb', '--error-file', '/var/folders/jz/p2j8d5xx3lq5qbv4lwz8kg100000gn/T/tmp7eua59n2']
[2021-04-29 11:48:05,249] {standard_task_runner.py:77} INFO - Job 2: Subtask print_date
[2021-04-29 11:48:10,279] {logging_mixin.py:104} INFO - Running <TaskInstance: tutorial.print_date 2021-04-27T00:00:00+00:00 [running]> on host Keshavs-MacBook-Pro.local
[2021-04-29 11:48:15,302] {taskinstance.py:1281} INFO - Exporting the following env vars:
AIRFLOW_CTX_DAG_EMAIL=airflow@example.com
AIRFLOW_CTX_DAG_OWNER=airflow
AIRFLOW_CTX_DAG_ID=tutorial
AIRFLOW_CTX_TASK_ID=print_date
AIRFLOW_CTX_EXECUTION_DATE=2021-04-27T00:00:00+00:00
AIRFLOW_CTX_DAG_RUN_ID=scheduled__2021-04-27T00:00:00+00:00
[2021-04-29 11:48:15,303] {bash.py:135} INFO - Tmp dir root location: 
 /var/folders/jz/p2j8d5xx3lq5qbv4lwz8kg100000gn/T
[2021-04-29 11:48:15,303] {bash.py:158} INFO - Running command: date
[2021-04-29 11:48:15,313] {bash.py:169} INFO - Output:
[2021-04-29 11:48:15,318] {bash.py:173} INFO - Thu Apr 29 11:48:15 IST 2021
[2021-04-29 11:48:15,319] {bash.py:177} INFO - Command exited with return code 0
[2021-04-29 11:48:15,331] {taskinstance.py:1185} INFO - Marking task as SUCCESS. dag_id=tutorial, task_id=print_date, execution_date=20210427T000000, start_date=20210429T061805, end_date=20210429T061815
[2021-04-29 11:48:15,346] {taskinstance.py:1246} INFO - 2 downstream tasks scheduled from follow-on schedule check
[2021-04-29 11:48:15,388] {local_task_job.py:146} INFO - Task exited with return code 0
