[2021-04-29 12:37:27,878] {taskinstance.py:877} INFO - Dependencies all met for <TaskInstance: first_dag.second_task 2021-04-24T00:00:00+00:00 [queued]>
[2021-04-29 12:37:27,881] {taskinstance.py:877} INFO - Dependencies all met for <TaskInstance: first_dag.second_task 2021-04-24T00:00:00+00:00 [queued]>
[2021-04-29 12:37:27,882] {taskinstance.py:1068} INFO - 
--------------------------------------------------------------------------------
[2021-04-29 12:37:27,882] {taskinstance.py:1069} INFO - Starting attempt 1 of 2
[2021-04-29 12:37:27,882] {taskinstance.py:1070} INFO - 
--------------------------------------------------------------------------------
[2021-04-29 12:37:27,886] {taskinstance.py:1089} INFO - Executing <Task(BashOperator): second_task> on 2021-04-24T00:00:00+00:00
[2021-04-29 12:37:27,888] {standard_task_runner.py:52} INFO - Started process 9965 to run task
[2021-04-29 12:37:27,893] {standard_task_runner.py:76} INFO - Running: ['airflow', 'tasks', 'run', 'first_dag', 'second_task', '2021-04-24T00:00:00+00:00', '--job-id', '15', '--pool', 'default_pool', '--raw', '--subdir', 'DAGS_FOLDER/simple.py', '--cfg-path', '/var/folders/jz/p2j8d5xx3lq5qbv4lwz8kg100000gn/T/tmp_l2uhl7t', '--error-file', '/var/folders/jz/p2j8d5xx3lq5qbv4lwz8kg100000gn/T/tmpin_x60uk']
[2021-04-29 12:37:27,894] {standard_task_runner.py:77} INFO - Job 15: Subtask second_task
[2021-04-29 12:37:32,919] {logging_mixin.py:104} INFO - Running <TaskInstance: first_dag.second_task 2021-04-24T00:00:00+00:00 [running]> on host Keshavs-MacBook-Pro.local
[2021-04-29 12:37:37,946] {taskinstance.py:1281} INFO - Exporting the following env vars:
AIRFLOW_CTX_DAG_EMAIL=airflow@my_first_dag.com
AIRFLOW_CTX_DAG_OWNER=airflow
AIRFLOW_CTX_DAG_ID=first_dag
AIRFLOW_CTX_TASK_ID=second_task
AIRFLOW_CTX_EXECUTION_DATE=2021-04-24T00:00:00+00:00
AIRFLOW_CTX_DAG_RUN_ID=scheduled__2021-04-24T00:00:00+00:00
[2021-04-29 12:37:37,946] {bash.py:135} INFO - Tmp dir root location: 
 /var/folders/jz/p2j8d5xx3lq5qbv4lwz8kg100000gn/T
[2021-04-29 12:37:37,947] {bash.py:158} INFO - Running command: echo 2
[2021-04-29 12:37:37,953] {bash.py:169} INFO - Output:
[2021-04-29 12:37:37,955] {bash.py:173} INFO - 2
[2021-04-29 12:37:37,956] {bash.py:177} INFO - Command exited with return code 0
[2021-04-29 12:37:37,969] {taskinstance.py:1185} INFO - Marking task as SUCCESS. dag_id=first_dag, task_id=second_task, execution_date=20210424T000000, start_date=20210429T070727, end_date=20210429T070737
[2021-04-29 12:37:37,979] {taskinstance.py:1246} INFO - 0 downstream tasks scheduled from follow-on schedule check
[2021-04-29 12:37:38,000] {local_task_job.py:146} INFO - Task exited with return code 0
