[2021-04-29 12:40:37,343] {taskinstance.py:877} INFO - Dependencies all met for <TaskInstance: first_dag.second_task 2021-04-28T00:00:00+00:00 [queued]>
[2021-04-29 12:40:37,348] {taskinstance.py:877} INFO - Dependencies all met for <TaskInstance: first_dag.second_task 2021-04-28T00:00:00+00:00 [queued]>
[2021-04-29 12:40:37,348] {taskinstance.py:1068} INFO - 
--------------------------------------------------------------------------------
[2021-04-29 12:40:37,348] {taskinstance.py:1069} INFO - Starting attempt 1 of 2
[2021-04-29 12:40:37,348] {taskinstance.py:1070} INFO - 
--------------------------------------------------------------------------------
[2021-04-29 12:40:37,355] {taskinstance.py:1089} INFO - Executing <Task(BashOperator): second_task> on 2021-04-28T00:00:00+00:00
[2021-04-29 12:40:37,357] {standard_task_runner.py:52} INFO - Started process 10481 to run task
[2021-04-29 12:40:37,365] {standard_task_runner.py:76} INFO - Running: ['airflow', 'tasks', 'run', 'first_dag', 'second_task', '2021-04-28T00:00:00+00:00', '--job-id', '22', '--pool', 'default_pool', '--raw', '--subdir', 'DAGS_FOLDER/simple.py', '--cfg-path', '/var/folders/jz/p2j8d5xx3lq5qbv4lwz8kg100000gn/T/tmpk1ivlc1y', '--error-file', '/var/folders/jz/p2j8d5xx3lq5qbv4lwz8kg100000gn/T/tmp6ytoy56t']
[2021-04-29 12:40:37,366] {standard_task_runner.py:77} INFO - Job 22: Subtask second_task
[2021-04-29 12:40:42,396] {logging_mixin.py:104} INFO - Running <TaskInstance: first_dag.second_task 2021-04-28T00:00:00+00:00 [running]> on host Keshavs-MacBook-Pro.local
[2021-04-29 12:40:47,424] {taskinstance.py:1281} INFO - Exporting the following env vars:
AIRFLOW_CTX_DAG_EMAIL=airflow@my_first_dag.com
AIRFLOW_CTX_DAG_OWNER=airflow
AIRFLOW_CTX_DAG_ID=first_dag
AIRFLOW_CTX_TASK_ID=second_task
AIRFLOW_CTX_EXECUTION_DATE=2021-04-28T00:00:00+00:00
AIRFLOW_CTX_DAG_RUN_ID=scheduled__2021-04-28T00:00:00+00:00
[2021-04-29 12:40:47,425] {bash.py:135} INFO - Tmp dir root location: 
 /var/folders/jz/p2j8d5xx3lq5qbv4lwz8kg100000gn/T
[2021-04-29 12:40:47,426] {bash.py:158} INFO - Running command: echo 2
[2021-04-29 12:40:47,432] {bash.py:169} INFO - Output:
[2021-04-29 12:40:47,435] {bash.py:173} INFO - 2
[2021-04-29 12:40:47,435] {bash.py:177} INFO - Command exited with return code 0
[2021-04-29 12:40:47,448] {taskinstance.py:1185} INFO - Marking task as SUCCESS. dag_id=first_dag, task_id=second_task, execution_date=20210428T000000, start_date=20210429T071037, end_date=20210429T071047
[2021-04-29 12:40:47,459] {taskinstance.py:1246} INFO - 0 downstream tasks scheduled from follow-on schedule check
[2021-04-29 12:40:47,480] {local_task_job.py:146} INFO - Task exited with return code 0
