[2021-04-29 12:05:32,692] {taskinstance.py:877} INFO - Dependencies all met for <TaskInstance: example_branch_operator.branching 2021-04-28T00:00:00+00:00 [queued]>
[2021-04-29 12:05:32,699] {taskinstance.py:877} INFO - Dependencies all met for <TaskInstance: example_branch_operator.branching 2021-04-28T00:00:00+00:00 [queued]>
[2021-04-29 12:05:32,699] {taskinstance.py:1068} INFO - 
--------------------------------------------------------------------------------
[2021-04-29 12:05:32,699] {taskinstance.py:1069} INFO - Starting attempt 1 of 1
[2021-04-29 12:05:32,699] {taskinstance.py:1070} INFO - 
--------------------------------------------------------------------------------
[2021-04-29 12:05:32,706] {taskinstance.py:1089} INFO - Executing <Task(BranchPythonOperator): branching> on 2021-04-28T00:00:00+00:00
[2021-04-29 12:05:32,708] {standard_task_runner.py:52} INFO - Started process 2509 to run task
[2021-04-29 12:05:32,714] {standard_task_runner.py:76} INFO - Running: ['airflow', 'tasks', 'run', 'example_branch_operator', 'branching', '2021-04-28T00:00:00+00:00', '--job-id', '12', '--pool', 'default_pool', '--raw', '--subdir', '/Users/keshavsultania/Documents/airflow-tutorial/demo1/myenv/lib/python3.8/site-packages/airflow/example_dags/example_branch_operator.py', '--cfg-path', '/var/folders/jz/p2j8d5xx3lq5qbv4lwz8kg100000gn/T/tmpb1pyxjxl', '--error-file', '/var/folders/jz/p2j8d5xx3lq5qbv4lwz8kg100000gn/T/tmpkbdsd4a8']
[2021-04-29 12:05:32,715] {standard_task_runner.py:77} INFO - Job 12: Subtask branching
[2021-04-29 12:05:37,749] {logging_mixin.py:104} INFO - Running <TaskInstance: example_branch_operator.branching 2021-04-28T00:00:00+00:00 [running]> on host Keshavs-MacBook-Pro.local
[2021-04-29 12:05:42,777] {taskinstance.py:1281} INFO - Exporting the following env vars:
AIRFLOW_CTX_DAG_OWNER=airflow
AIRFLOW_CTX_DAG_ID=example_branch_operator
AIRFLOW_CTX_TASK_ID=branching
AIRFLOW_CTX_EXECUTION_DATE=2021-04-28T00:00:00+00:00
AIRFLOW_CTX_DAG_RUN_ID=scheduled__2021-04-28T00:00:00+00:00
[2021-04-29 12:05:42,778] {python.py:118} INFO - Done. Returned value was: branch_a
[2021-04-29 12:05:42,778] {skipmixin.py:124} INFO - Following branch branch_a
[2021-04-29 12:05:42,782] {skipmixin.py:155} INFO - Skipping tasks ['branch_c', 'branch_d', 'branch_b']
[2021-04-29 12:05:42,801] {taskinstance.py:1185} INFO - Marking task as SUCCESS. dag_id=example_branch_operator, task_id=branching, execution_date=20210428T000000, start_date=20210429T063532, end_date=20210429T063542
[2021-04-29 12:05:42,817] {taskinstance.py:1246} INFO - 1 downstream tasks scheduled from follow-on schedule check
[2021-04-29 12:05:42,823] {local_task_job.py:146} INFO - Task exited with return code 0
