[2021-04-29 11:51:06,738] {taskinstance.py:877} INFO - Dependencies all met for <TaskInstance: tutorial.templated 2021-04-28T00:00:00+00:00 [queued]>
[2021-04-29 11:51:06,744] {taskinstance.py:877} INFO - Dependencies all met for <TaskInstance: tutorial.templated 2021-04-28T00:00:00+00:00 [queued]>
[2021-04-29 11:51:06,744] {taskinstance.py:1068} INFO - 
--------------------------------------------------------------------------------
[2021-04-29 11:51:06,744] {taskinstance.py:1069} INFO - Starting attempt 1 of 2
[2021-04-29 11:51:06,744] {taskinstance.py:1070} INFO - 
--------------------------------------------------------------------------------
[2021-04-29 11:51:06,751] {taskinstance.py:1089} INFO - Executing <Task(BashOperator): templated> on 2021-04-28T00:00:00+00:00
[2021-04-29 11:51:06,753] {standard_task_runner.py:52} INFO - Started process 99063 to run task
[2021-04-29 11:51:06,759] {standard_task_runner.py:76} INFO - Running: ['airflow', 'tasks', 'run', 'tutorial', 'templated', '2021-04-28T00:00:00+00:00', '--job-id', '8', '--pool', 'default_pool', '--raw', '--subdir', '/Users/keshavsultania/Documents/airflow-tutorial/demo1/myenv/lib/python3.8/site-packages/airflow/example_dags/tutorial.py', '--cfg-path', '/var/folders/jz/p2j8d5xx3lq5qbv4lwz8kg100000gn/T/tmpglv3qwnt', '--error-file', '/var/folders/jz/p2j8d5xx3lq5qbv4lwz8kg100000gn/T/tmp30rar6or']
[2021-04-29 11:51:06,760] {standard_task_runner.py:77} INFO - Job 8: Subtask templated
[2021-04-29 11:51:11,791] {logging_mixin.py:104} INFO - Running <TaskInstance: tutorial.templated 2021-04-28T00:00:00+00:00 [running]> on host Keshavs-MacBook-Pro.local
[2021-04-29 11:51:16,846] {taskinstance.py:1281} INFO - Exporting the following env vars:
AIRFLOW_CTX_DAG_EMAIL=airflow@example.com
AIRFLOW_CTX_DAG_OWNER=airflow
AIRFLOW_CTX_DAG_ID=tutorial
AIRFLOW_CTX_TASK_ID=templated
AIRFLOW_CTX_EXECUTION_DATE=2021-04-28T00:00:00+00:00
AIRFLOW_CTX_DAG_RUN_ID=scheduled__2021-04-28T00:00:00+00:00
[2021-04-29 11:51:16,847] {bash.py:135} INFO - Tmp dir root location: 
 /var/folders/jz/p2j8d5xx3lq5qbv4lwz8kg100000gn/T
[2021-04-29 11:51:16,848] {bash.py:158} INFO - Running command: 

    echo "2021-04-28"
    echo "2021-05-05"
    echo "Parameter I passed in"

    echo "2021-04-28"
    echo "2021-05-05"
    echo "Parameter I passed in"

    echo "2021-04-28"
    echo "2021-05-05"
    echo "Parameter I passed in"

    echo "2021-04-28"
    echo "2021-05-05"
    echo "Parameter I passed in"

    echo "2021-04-28"
    echo "2021-05-05"
    echo "Parameter I passed in"

[2021-04-29 11:51:16,853] {bash.py:169} INFO - Output:
[2021-04-29 11:51:16,856] {bash.py:173} INFO - 2021-04-28
[2021-04-29 11:51:16,856] {bash.py:173} INFO - 2021-05-05
[2021-04-29 11:51:16,856] {bash.py:173} INFO - Parameter I passed in
[2021-04-29 11:51:16,857] {bash.py:173} INFO - 2021-04-28
[2021-04-29 11:51:16,857] {bash.py:173} INFO - 2021-05-05
[2021-04-29 11:51:16,857] {bash.py:173} INFO - Parameter I passed in
[2021-04-29 11:51:16,857] {bash.py:173} INFO - 2021-04-28
[2021-04-29 11:51:16,858] {bash.py:173} INFO - 2021-05-05
[2021-04-29 11:51:16,858] {bash.py:173} INFO - Parameter I passed in
[2021-04-29 11:51:16,858] {bash.py:173} INFO - 2021-04-28
[2021-04-29 11:51:16,858] {bash.py:173} INFO - 2021-05-05
[2021-04-29 11:51:16,859] {bash.py:173} INFO - Parameter I passed in
[2021-04-29 11:51:16,859] {bash.py:173} INFO - 2021-04-28
[2021-04-29 11:51:16,859] {bash.py:173} INFO - 2021-05-05
[2021-04-29 11:51:16,859] {bash.py:173} INFO - Parameter I passed in
[2021-04-29 11:51:16,860] {bash.py:177} INFO - Command exited with return code 0
[2021-04-29 11:51:16,871] {taskinstance.py:1185} INFO - Marking task as SUCCESS. dag_id=tutorial, task_id=templated, execution_date=20210428T000000, start_date=20210429T062106, end_date=20210429T062116
[2021-04-29 11:51:16,881] {taskinstance.py:1246} INFO - 0 downstream tasks scheduled from follow-on schedule check
[2021-04-29 11:51:16,910] {local_task_job.py:146} INFO - Task exited with return code 0
