[2021-04-29 11:48:32,647] {taskinstance.py:877} INFO - Dependencies all met for <TaskInstance: tutorial.print_date 2021-04-28T00:00:00+00:00 [queued]>
[2021-04-29 11:48:32,666] {taskinstance.py:877} INFO - Dependencies all met for <TaskInstance: tutorial.print_date 2021-04-28T00:00:00+00:00 [queued]>
[2021-04-29 11:48:32,666] {taskinstance.py:1068} INFO - 
--------------------------------------------------------------------------------
[2021-04-29 11:48:32,666] {taskinstance.py:1069} INFO - Starting attempt 1 of 2
[2021-04-29 11:48:32,667] {taskinstance.py:1070} INFO - 
--------------------------------------------------------------------------------
[2021-04-29 11:48:32,673] {taskinstance.py:1089} INFO - Executing <Task(BashOperator): print_date> on 2021-04-28T00:00:00+00:00
[2021-04-29 11:48:32,675] {standard_task_runner.py:52} INFO - Started process 98639 to run task
[2021-04-29 11:48:32,681] {standard_task_runner.py:76} INFO - Running: ['airflow', 'tasks', 'run', 'tutorial', 'print_date', '2021-04-28T00:00:00+00:00', '--job-id', '3', '--pool', 'default_pool', '--raw', '--subdir', '/Users/keshavsultania/Documents/airflow-tutorial/demo1/myenv/lib/python3.8/site-packages/airflow/example_dags/tutorial.py', '--cfg-path', '/var/folders/jz/p2j8d5xx3lq5qbv4lwz8kg100000gn/T/tmp85micu2z', '--error-file', '/var/folders/jz/p2j8d5xx3lq5qbv4lwz8kg100000gn/T/tmpnmbdqgcp']
[2021-04-29 11:48:32,682] {standard_task_runner.py:77} INFO - Job 3: Subtask print_date
[2021-04-29 11:48:37,712] {logging_mixin.py:104} INFO - Running <TaskInstance: tutorial.print_date 2021-04-28T00:00:00+00:00 [running]> on host Keshavs-MacBook-Pro.local
[2021-04-29 11:48:42,743] {taskinstance.py:1281} INFO - Exporting the following env vars:
AIRFLOW_CTX_DAG_EMAIL=airflow@example.com
AIRFLOW_CTX_DAG_OWNER=airflow
AIRFLOW_CTX_DAG_ID=tutorial
AIRFLOW_CTX_TASK_ID=print_date
AIRFLOW_CTX_EXECUTION_DATE=2021-04-28T00:00:00+00:00
AIRFLOW_CTX_DAG_RUN_ID=scheduled__2021-04-28T00:00:00+00:00
[2021-04-29 11:48:42,743] {bash.py:135} INFO - Tmp dir root location: 
 /var/folders/jz/p2j8d5xx3lq5qbv4lwz8kg100000gn/T
[2021-04-29 11:48:42,744] {bash.py:158} INFO - Running command: date
[2021-04-29 11:48:42,752] {bash.py:169} INFO - Output:
[2021-04-29 11:48:42,757] {bash.py:173} INFO - Thu Apr 29 11:48:42 IST 2021
[2021-04-29 11:48:42,758] {bash.py:177} INFO - Command exited with return code 0
[2021-04-29 11:48:42,771] {taskinstance.py:1185} INFO - Marking task as SUCCESS. dag_id=tutorial, task_id=print_date, execution_date=20210428T000000, start_date=20210429T061832, end_date=20210429T061842
[2021-04-29 11:48:42,787] {taskinstance.py:1246} INFO - 2 downstream tasks scheduled from follow-on schedule check
[2021-04-29 11:48:42,869] {local_task_job.py:146} INFO - Task exited with return code 0
